<?xml version="1.0" encoding="UTF-8"?>
<coverage generated="1696701155846" clover="3.2.0">
  <project timestamp="1696701155846" name="All files">
    <metrics statements="6" coveredstatements="3" conditionals="0" coveredconditionals="0" methods="1" coveredmethods="1" elements="7" coveredelements="4" complexity="0" loc="6" ncloc="6" packages="1" files="3" classes="3"/>
    <file name="index.ts" path="/Users/chemists/Sites/tsPlayground/src/index.ts">
      <metrics statements="2" coveredstatements="0" conditionals="0" coveredconditionals="0" methods="0" coveredmethods="0"/>
      <line num="1" count="0" type="stmt"/>
      <line num="2" count="0" type="stmt"/>
    </file>
    <file name="sandbox.ts" path="/Users/chemists/Sites/tsPlayground/src/sandbox.ts">
      <metrics statements="1" coveredstatements="0" conditionals="0" coveredconditionals="0" methods="0" coveredmethods="0"/>
      <line num="1" count="0" type="stmt"/>
    </file>
    <file name="sum.ts" path="/Users/chemists/Sites/tsPlayground/src/sum.ts">
      <metrics statements="3" coveredstatements="3" conditionals="0" coveredconditionals="0" methods="1" coveredmethods="1"/>
      <line num="1" count="1" type="stmt"/>
      <line num="2" count="1" type="stmt"/>
      <line num="4" count="1" type="stmt"/>
    </file>
  </project>
</coverage>
